<?xml version="1.0" encoding="UTF-8"?>
<!-- Generated by org.testng.reporters.JUnitReportReporter -->
<testsuite hostname="DESKTOP-3CFO2EU" failures="0" tests="2" name="testcases.CreditCardTest" time="0.008" errors="0" timestamp="16 Apr 2023 04:33:02 GMT" skipped="1">
  <testcase classname="testcases.CreditCardTest" name="test" time="0.008"/>
  <testcase classname="testcases.CreditCardTest" name="test1">
    <skipped/>
  </testcase> <!-- test1 -->
</testsuite> <!-- testcases.CreditCardTest -->
