<?xml version="1.0" encoding="UTF-8"?>
<!-- Generated by org.testng.reporters.JUnitReportReporter -->
<testsuite hostname="DESKTOP-3CFO2EU" failures="0" tests="2" name="testcases.CarLoanTest" time="0.004" errors="0" timestamp="16 Apr 2023 04:33:02 GMT" skipped="0">
  <testcase classname="testcases.CarLoanTest" name="test1" time="0.002"/>
  <testcase classname="testcases.CarLoanTest" name="test" time="0.002"/>
</testsuite> <!-- testcases.CarLoanTest -->
