<?xml version="1.0" encoding="UTF-8"?>
<!-- Generated by org.testng.reporters.JUnitReportReporter -->
<testsuite skipped="2" hostname="DESKTOP-3CFO2EU" name="testcases.CreditCardTest" tests="4" failures="0" timestamp="16 Apr 2023 04:57:01 GMT" time="0.001" errors="0">
  <testcase name="test" time="0.000" classname="testcases.CreditCardTest"/>
  <testcase name="test" time="0.001" classname="testcases.CreditCardTest"/>
  <testcase name="test1" classname="testcases.CreditCardTest">
    <skipped/>
  </testcase> <!-- test1 -->
  <testcase name="test1" classname="testcases.CreditCardTest">
    <skipped/>
  </testcase> <!-- test1 -->
</testsuite> <!-- testcases.CreditCardTest -->
