<?xml version="1.0" encoding="UTF-8"?>
<!-- Generated by org.testng.reporters.JUnitReportReporter -->
<testsuite skipped="0" hostname="DESKTOP-3CFO2EU" name="testcases.HomeLoanTest" tests="4" failures="0" timestamp="16 Apr 2023 04:57:01 GMT" time="0.005" errors="0">
  <testcase name="test1" time="0.000" classname="testcases.HomeLoanTest"/>
  <testcase name="test1" time="0.003" classname="testcases.HomeLoanTest"/>
  <testcase name="test" time="0.001" classname="testcases.HomeLoanTest"/>
  <testcase name="test" time="0.001" classname="testcases.HomeLoanTest"/>
</testsuite> <!-- testcases.HomeLoanTest -->
