<?xml version="1.0" encoding="UTF-8"?>
<!-- Generated by org.testng.reporters.JUnitReportReporter -->
<testsuite skipped="0" hostname="DESKTOP-3CFO2EU" name="testcases.CarLoanTest" tests="4" failures="0" timestamp="16 Apr 2023 04:57:01 GMT" time="0.020" errors="0">
  <testcase name="test1" time="0.000" classname="testcases.CarLoanTest"/>
  <testcase name="test" time="0.001" classname="testcases.CarLoanTest"/>
  <testcase name="test" time="0.008" classname="testcases.CarLoanTest"/>
  <testcase name="test1" time="0.011" classname="testcases.CarLoanTest"/>
</testsuite> <!-- testcases.CarLoanTest -->
